<?xml version="1.0" encoding="UTF-8"?>
<testng-results ignored="0" total="1" passed="1" failed="0" skipped="0">
  <reporter-output>
  </reporter-output>
  <suite started-at="2024-02-26T12:02:34 GMT" name="Suite" finished-at="2024-02-26T12:02:57 GMT" duration-ms="23010">
    <groups>
    </groups>
    <test started-at="2024-02-26T12:02:34 GMT" name="Test" finished-at="2024-02-26T12:02:57 GMT" duration-ms="23010">
      <class name="testCases.TC_001">
        <test-method is-config="true" signature="setUp(java.lang.String,java.lang.String)[pri:0, instance:testCases.TC_001@c730b35]" started-at="2024-02-26T12:02:34 GMT" name="setUp" finished-at="2024-02-26T12:02:42 GMT" duration-ms="7418" status="PASS">
          <params>
            <param index="0">
              <value>
                <![CDATA[Windows]]>
              </value>
            </param>
            <param index="1">
              <value>
                <![CDATA[edge]]>
              </value>
            </param>
          </params>
          <reporter-output>
          </reporter-output>
        </test-method> <!-- setUp -->
        <test-method signature="TC_001test()[pri:0, instance:testCases.TC_001@c730b35]" started-at="2024-02-26T12:02:42 GMT" name="TC_001test" finished-at="2024-02-26T12:02:57 GMT" duration-ms="15151" status="PASS">
          <reporter-output>
          </reporter-output>
        </test-method> <!-- TC_001test -->
        <test-method is-config="true" signature="tearDown()[pri:0, instance:testCases.TC_001@c730b35]" started-at="2024-02-26T12:02:57 GMT" name="tearDown" finished-at="2024-02-26T12:02:57 GMT" duration-ms="381" status="PASS">
          <reporter-output>
          </reporter-output>
        </test-method> <!-- tearDown -->
      </class> <!-- testCases.TC_001 -->
    </test> <!-- Test -->
  </suite> <!-- Suite -->
</testng-results>
